<?xml version="1.0" encoding="UTF-8"?>
<!-- Generated by org.testng.reporters.JUnitReportReporter -->
<testsuite hostname="inbl01lap04326" failures="0" tests="3" name="apiTest.AddPlace" time="5.906" errors="0" timestamp="2021-05-27T18:13:10 IST" skipped="0">
  <testcase classname="apiTest.AddPlace" name="addplace" time="3.098"/>
  <system-out/>
  <testcase classname="apiTest.AddPlace" name="validateAddplaceResponse" time="0.623"/>
  <system-out/>
  <testcase classname="apiTest.AddPlace" name="verifyGetplace" time="2.185"/>
  <system-out/>
</testsuite> <!-- apiTest.AddPlace -->
