<?xml version="1.0" encoding="UTF-8"?>
<!-- Generated by org.testng.reporters.JUnitReportReporter -->
<testsuite hostname="inbl01lap04326" failures="0" tests="4" name="apiTest.GoogleLocationPayload" time="7.991" errors="0" timestamp="2021-05-31T16:15:48 IST" skipped="0">
  <testcase classname="apiTest.GoogleLocationPayload" name="addplacePayload" time="2.385"/>
  <system-out/>
  <testcase classname="apiTest.GoogleLocationPayload" name="validateAddplaceResponse" time="0.483"/>
  <system-out/>
  <testcase classname="apiTest.GoogleLocationPayload" name="verifyGetplaceWithValidPlaceID" time="3.030"/>
  <system-out/>
  <testcase classname="apiTest.GoogleLocationPayload" name="verifyGetplaceWithInvalidPlaceID" time="2.093"/>
  <system-out/>
</testsuite> <!-- apiTest.GoogleLocationPayload -->
