<?xml version="1.0" encoding="UTF-8"?>
<!-- Generated by org.testng.reporters.JUnitReportReporter -->
<testsuite hostname="inbl01lap04326" failures="0" tests="1" name="apiTest.SampleTest" time="0.013" errors="0" timestamp="2021-06-03T12:11:11 IST" skipped="0">
  <testcase classname="apiTest.SampleTest" name="trytest" time="0.013"/>
  <system-out/>
</testsuite> <!-- apiTest.SampleTest -->
