<?xml version="1.0" encoding="UTF-8"?>
<!-- Generated by org.testng.reporters.JUnitReportReporter -->
<testsuite hostname="inbl01lap04326" failures="0" tests="1" name="apiTest.AddplaceWithJsonfile" time="0.544" errors="0" timestamp="2021-05-28T14:11:05 IST" skipped="0">
  <testcase classname="apiTest.AddplaceWithJsonfile" name="addPlaceUsingJsonFile" time="0.544"/>
  <system-out/>
</testsuite> <!-- apiTest.AddplaceWithJsonfile -->
