<?xml version="1.0" encoding="UTF-8"?>
<!-- Generated by org.testng.reporters.JUnitReportReporter -->
<testsuite hostname="inbl01lap04326" failures="0" tests="2" name="apiTest.ValidateAddApiUsingExcel" time="5.058" errors="0" timestamp="2021-05-31T18:57:44 IST" skipped="0">
  <testcase classname="apiTest.ValidateAddApiUsingExcel" name="verifyAddAPIUsingExcel" time="4.158"/>
  <system-out/>
  <testcase classname="apiTest.ValidateAddApiUsingExcel" name="verifyAddAPIUsingHashMap" time="0.900"/>
  <system-out/>
</testsuite> <!-- apiTest.ValidateAddApiUsingExcel -->
