<?xml version="1.0" encoding="UTF-8"?>
<!-- Generated by org.testng.reporters.JUnitReportReporter -->
<testsuite hostname="inbl01lap04326" failures="0" tests="4" name="apiTest.GoogleLocationPayload" time="10.215" errors="0" timestamp="2021-06-01T14:32:28 IST" skipped="0">
  <testcase classname="apiTest.GoogleLocationPayload" name="addplacePayload" time="4.573"/>
  <system-out/>
  <testcase classname="apiTest.GoogleLocationPayload" name="validateAddplaceResponse" time="0.558"/>
  <system-out/>
  <testcase classname="apiTest.GoogleLocationPayload" name="verifyGetplaceWithValidPlaceID" time="2.898"/>
  <system-out/>
  <testcase classname="apiTest.GoogleLocationPayload" name="verifyGetplaceWithInvalidPlaceID" time="2.186"/>
  <system-out/>
</testsuite> <!-- apiTest.GoogleLocationPayload -->
