<?xml version="1.0" encoding="UTF-8"?>
<!-- Generated by org.testng.reporters.JUnitReportReporter -->
<testsuite hostname="inbl01lap04326" failures="0" tests="1" name="apiTest.SampleTest" time="0.004" errors="0" timestamp="2021-06-02T19:22:14 IST" skipped="0">
  <testcase classname="apiTest.SampleTest" name="testCase" time="0.004"/>
  <system-out/>
</testsuite> <!-- apiTest.SampleTest -->
