<?xml version="1.0" encoding="UTF-8"?>
<!-- Generated by org.testng.reporters.JUnitReportReporter -->
<testsuite hostname="inbl01lap04326" failures="0" tests="1" name="resources.ExcelDataDriven" time="0.657" errors="0" timestamp="2021-05-31T17:43:12 IST" skipped="0">
  <testcase classname="resources.ExcelDataDriven" name="dataFromExcel" time="0.657"/>
  <system-out/>
</testsuite> <!-- resources.ExcelDataDriven -->
