<?xml version="1.0" encoding="UTF-8"?>
<!-- Generated by org.testng.reporters.JUnitReportReporter -->
<testsuite hostname="inbl01lap04326" failures="0" tests="5" name="apiTest.ValidateAddUpdateGetDeleteAPI" time="10.343" errors="0" timestamp="2021-05-31T16:15:48 IST" skipped="0">
  <testcase classname="apiTest.ValidateAddUpdateGetDeleteAPI" name="addPlaceUsingJsonFile" time="0.621"/>
  <system-out/>
  <testcase classname="apiTest.ValidateAddUpdateGetDeleteAPI" name="updatePlaceApi" time="2.537"/>
  <system-out/>
  <testcase classname="apiTest.ValidateAddUpdateGetDeleteAPI" name="getUpdatedAddress" time="2.231"/>
  <system-out/>
  <testcase classname="apiTest.ValidateAddUpdateGetDeleteAPI" name="deleteplace" time="2.447"/>
  <system-out/>
  <testcase classname="apiTest.ValidateAddUpdateGetDeleteAPI" name="deleteNonExistPlace" time="2.507"/>
  <system-out/>
</testsuite> <!-- apiTest.ValidateAddUpdateGetDeleteAPI -->
