<?xml version="1.0" encoding="UTF-8"?>
<!-- Generated by org.testng.reporters.JUnitReportReporter -->
<testsuite hostname="inbl01lap04326" failures="0" tests="6" name="apiTest.ValidatecomplexJson" time="0.265" errors="0" timestamp="2021-06-01T14:32:28 IST" skipped="0">
  <testcase classname="apiTest.ValidatecomplexJson" name="getCountOfCourses" time="0.010"/>
  <system-out/>
  <testcase classname="apiTest.ValidatecomplexJson" name="getPurchaseAmount" time="0.012"/>
  <system-out/>
  <testcase classname="apiTest.ValidatecomplexJson" name="getTitleOfFirstCourse" time="0.039"/>
  <system-out/>
  <testcase classname="apiTest.ValidatecomplexJson" name="getCourseTitleAndPrice" time="0.059"/>
  <system-out/>
  <testcase classname="apiTest.ValidatecomplexJson" name="getNumOfCopiesSoldRPA" time="0.027"/>
  <system-out/>
  <testcase classname="apiTest.ValidatecomplexJson" name="sumOfAllCoursePriceWithPurchseAmount" time="0.118"/>
  <system-out/>
</testsuite> <!-- apiTest.ValidatecomplexJson -->
