<?xml version="1.0" encoding="UTF-8"?>
<!-- Generated by org.testng.reporters.JUnitReportReporter -->
<testsuite hostname="inbl01lap04326" failures="0" tests="5" name="apiTest.ValidatecomplexJson" time="2.722" errors="0" timestamp="2021-06-01T12:53:23 IST" skipped="0">
  <testcase classname="apiTest.ValidatecomplexJson" name="getCountOfCourses" time="2.430"/>
  <system-out/>
  <testcase classname="apiTest.ValidatecomplexJson" name="getPurchaseAmount" time="0.027"/>
  <system-out/>
  <testcase classname="apiTest.ValidatecomplexJson" name="getTitleOfFirstCourse" time="0.081"/>
  <system-out/>
  <testcase classname="apiTest.ValidatecomplexJson" name="getCourseTitleAndPrice" time="0.130"/>
  <system-out/>
  <testcase classname="apiTest.ValidatecomplexJson" name="getNumOfCopiesSoldRPA" time="0.054"/>
  <system-out/>
</testsuite> <!-- apiTest.ValidatecomplexJson -->
