<?xml version="1.0" encoding="UTF-8"?>
<!-- Generated by org.testng.reporters.JUnitReportReporter -->
<testsuite hostname="inbl01lap04326" failures="0" tests="1" name="apiTest.ValidateAddApiUsingTextFile" time="0.584" errors="0" timestamp="2021-05-31T16:15:48 IST" skipped="0">
  <testcase classname="apiTest.ValidateAddApiUsingTextFile" name="verifyAddAPIUsingTextFile" time="0.584"/>
  <system-out/>
</testsuite> <!-- apiTest.ValidateAddApiUsingTextFile -->
