<?xml version="1.0" encoding="UTF-8"?>
<!-- Generated by org.testng.reporters.JUnitReportReporter -->
<testsuite hostname="inbl01lap04326" failures="0" tests="2" name="apiTest.ValidateAddApiUsingExcel" time="1.898" errors="0" timestamp="2021-06-01T14:32:28 IST" skipped="0">
  <testcase classname="apiTest.ValidateAddApiUsingExcel" name="verifyAddAPIUsingExcel" time="1.059"/>
  <system-out/>
  <testcase classname="apiTest.ValidateAddApiUsingExcel" name="verifyAddAPIUsingHashMap" time="0.839"/>
  <system-out/>
</testsuite> <!-- apiTest.ValidateAddApiUsingExcel -->
