<?xml version="1.0" encoding="UTF-8"?>
<!-- Generated by org.testng.reporters.JUnitReportReporter -->
<testsuite hostname="inbl01lap04326" failures="0" tests="1" name="NewTest" time="0.001" errors="0" timestamp="2021-05-31T15:56:12 IST" skipped="0">
  <testcase classname="NewTest" name="f" time="0.001"/>
  <system-out/>
</testsuite> <!-- NewTest -->
