<?xml version="1.0" encoding="UTF-8"?>
<!-- Generated by org.testng.reporters.JUnitReportReporter -->
<testsuite hostname="inbl01lap04326" failures="0" tests="1" name="API.AddPlace" time="2.846" errors="0" timestamp="2021-05-27T17:35:46 IST" skipped="0">
  <testcase classname="API.AddPlace" name="addplace" time="2.846"/>
  <system-out/>
</testsuite> <!-- API.AddPlace -->
