<?xml version="1.0" encoding="UTF-8"?>
<!-- Generated by org.testng.reporters.JUnitReportReporter -->
<testsuite hostname="inbl01lap04326" failures="0" tests="5" name="apiTest.ValidateAddUpdateGetDeleteAPI" time="13.525" errors="0" timestamp="2021-06-01T16:15:12 IST" skipped="0">
  <testcase classname="apiTest.ValidateAddUpdateGetDeleteAPI" name="addPlaceUsingJsonFile" time="3.648"/>
  <system-out/>
  <testcase classname="apiTest.ValidateAddUpdateGetDeleteAPI" name="updatePlaceApi" time="2.574"/>
  <system-out/>
  <testcase classname="apiTest.ValidateAddUpdateGetDeleteAPI" name="getUpdatedAddress" time="2.188"/>
  <system-out/>
  <testcase classname="apiTest.ValidateAddUpdateGetDeleteAPI" name="deleteplace" time="2.567"/>
  <system-out/>
  <testcase classname="apiTest.ValidateAddUpdateGetDeleteAPI" name="deleteNonExistPlace" time="2.548"/>
  <system-out/>
</testsuite> <!-- apiTest.ValidateAddUpdateGetDeleteAPI -->
