<?xml version="1.0" encoding="UTF-8"?>
<!-- Generated by org.testng.reporters.JUnitReportReporter -->
<testsuite skipped="0" hostname="inbl01lap04326" name="apiTest.ValidatecomplexJson" tests="6" failures="0" timestamp="2021-06-01T13:39:36 IST" time="1.693" errors="0">
  <testcase name="getCountOfCourses" time="1.254" classname="apiTest.ValidatecomplexJson"/>
  <system-out/>
  <testcase name="getPurchaseAmount" time="0.021" classname="apiTest.ValidatecomplexJson"/>
  <system-out/>
  <testcase name="getTitleOfFirstCourse" time="0.077" classname="apiTest.ValidatecomplexJson"/>
  <system-out/>
  <testcase name="getCourseTitleAndPrice" time="0.131" classname="apiTest.ValidatecomplexJson"/>
  <system-out/>
  <testcase name="getNumOfCopiesSoldRPA" time="0.044" classname="apiTest.ValidatecomplexJson"/>
  <system-out/>
  <testcase name="sumOfAllCoursePriceWithPurchseAmount" time="0.166" classname="apiTest.ValidatecomplexJson"/>
  <system-out/>
</testsuite> <!-- apiTest.ValidatecomplexJson -->
