<?xml version="1.0" encoding="UTF-8"?>
<!-- Generated by org.testng.reporters.JUnitReportReporter -->
<testsuite skipped="0" hostname="inbl01lap04326" name="apiTest.GoogleLocationPayload" tests="4" failures="0" timestamp="2021-06-01T13:30:38 IST" time="12.145" errors="0">
  <testcase name="addplacePayload" time="5.216" classname="apiTest.GoogleLocationPayload"/>
  <system-out/>
  <testcase name="validateAddplaceResponse" time="1.063" classname="apiTest.GoogleLocationPayload"/>
  <system-out/>
  <testcase name="verifyGetplaceWithValidPlaceID" time="3.442" classname="apiTest.GoogleLocationPayload"/>
  <system-out/>
  <testcase name="verifyGetplaceWithInvalidPlaceID" time="2.424" classname="apiTest.GoogleLocationPayload"/>
  <system-out/>
</testsuite> <!-- apiTest.GoogleLocationPayload -->
