<?xml version="1.0" encoding="UTF-8"?>
<!-- Generated by org.testng.reporters.JUnitReportReporter -->
<testsuite skipped="0" hostname="inbl01lap04326" name="apiTest.AddApiUsingTextFile" tests="1" failures="0" timestamp="2021-05-31T14:14:37 IST" time="4.724" errors="0">
  <testcase name="verifyAddAPIUsingTextFile" time="4.724" classname="apiTest.AddApiUsingTextFile"/>
  <system-out/>
</testsuite> <!-- apiTest.AddApiUsingTextFile -->
