<?xml version="1.0" encoding="UTF-8"?>
<!-- Generated by org.testng.reporters.JUnitReportReporter -->
<testsuite skipped="0" hostname="inbl01lap04326" name="apiTest.ValidateAddApiUsingExcel" tests="2" failures="0" timestamp="2021-06-01T17:25:54 IST" time="4.897" errors="0">
  <testcase name="verifyAddAPIUsingHashMap" time="1.017" classname="apiTest.ValidateAddApiUsingExcel"/>
  <system-out/>
  <testcase name="verifyAddAPIUsingExcel" time="3.880" classname="apiTest.ValidateAddApiUsingExcel"/>
  <system-out/>
</testsuite> <!-- apiTest.ValidateAddApiUsingExcel -->
