<?xml version="1.0" encoding="UTF-8"?>
<!-- Generated by org.testng.reporters.JUnitReportReporter -->
<testsuite skipped="0" hostname="inbl01lap04326" name="apiTest.GoogleLocationPayload" tests="4" failures="0" timestamp="2021-06-01T17:25:54 IST" time="9.576" errors="0">
  <testcase name="addplacePayload" time="3.827" classname="apiTest.GoogleLocationPayload"/>
  <system-out/>
  <testcase name="validateAddplaceResponse" time="0.087" classname="apiTest.GoogleLocationPayload"/>
  <system-out/>
  <testcase name="verifyGetplaceWithValidPlaceID" time="3.119" classname="apiTest.GoogleLocationPayload"/>
  <system-out/>
  <testcase name="verifyGetplaceWithInvalidPlaceID" time="2.543" classname="apiTest.GoogleLocationPayload"/>
  <system-out/>
</testsuite> <!-- apiTest.GoogleLocationPayload -->
