<?xml version="1.0" encoding="UTF-8"?>
<!-- Generated by org.testng.reporters.JUnitReportReporter -->
<testsuite skipped="0" hostname="inbl01lap04326" name="apiTest.ValidateAddApiUsingExcel" tests="2" failures="0" timestamp="2021-06-01T19:28:42 IST" time="2.554" errors="0">
  <testcase name="verifyAddAPIUsingHashMap" time="1.022" classname="apiTest.ValidateAddApiUsingExcel"/>
  <system-out/>
  <testcase name="verifyAddAPIUsingExcel" time="1.532" classname="apiTest.ValidateAddApiUsingExcel"/>
  <system-out/>
</testsuite> <!-- apiTest.ValidateAddApiUsingExcel -->
