<?xml version="1.0" encoding="UTF-8"?>
<!-- Generated by org.testng.reporters.JUnitReportReporter -->
<testsuite skipped="0" hostname="inbl01lap04326" name="apiTest.ValidatecomplexJson" tests="6" failures="0" timestamp="2021-06-01T17:25:54 IST" time="2.148" errors="0">
  <testcase name="getCountOfCourses" time="1.672" classname="apiTest.ValidatecomplexJson"/>
  <system-out/>
  <testcase name="getPurchaseAmount" time="0.030" classname="apiTest.ValidatecomplexJson"/>
  <system-out/>
  <testcase name="getTitleOfFirstCourse" time="0.074" classname="apiTest.ValidatecomplexJson"/>
  <system-out/>
  <testcase name="getCourseTitleAndPrice" time="0.132" classname="apiTest.ValidatecomplexJson"/>
  <system-out/>
  <testcase name="getNumOfCopiesSoldRPA" time="0.055" classname="apiTest.ValidatecomplexJson"/>
  <system-out/>
  <testcase name="sumOfAllCoursePriceWithPurchseAmount" time="0.185" classname="apiTest.ValidatecomplexJson"/>
  <system-out/>
</testsuite> <!-- apiTest.ValidatecomplexJson -->
