<?xml version="1.0" encoding="UTF-8"?>
<!-- Generated by org.testng.reporters.JUnitReportReporter -->
<testsuite skipped="1" hostname="inbl01lap04326" name="apiTest.ValidateAddUpdateGetDeleteAPI" tests="5" failures="1" timestamp="2021-06-01T17:25:54 IST" time="12.105" errors="0">
  <testcase name="addPlaceUsingJsonFile" time="3.872" classname="apiTest.ValidateAddUpdateGetDeleteAPI"/>
  <system-out/>
  <testcase name="updatePlaceApi" time="3.011" classname="apiTest.ValidateAddUpdateGetDeleteAPI"/>
  <system-out/>
  <testcase name="getUpdatedAddress" time="2.079" classname="apiTest.ValidateAddUpdateGetDeleteAPI">
    <failure type="java.lang.AssertionError">
      <![CDATA[java.lang.AssertionError
at org.junit.Assert.fail(Assert.java:87)
at org.junit.Assert.assertTrue(Assert.java:42)
at org.junit.Assert.assertTrue(Assert.java:53)
at apiTest.ValidateAddUpdateGetDeleteAPI.getUpdatedAddress(ValidateAddUpdateGetDeleteAPI.java:60)
at sun.reflect.NativeMethodAccessorImpl.invoke0(Native Method)
at sun.reflect.NativeMethodAccessorImpl.invoke(NativeMethodAccessorImpl.java:62)
at sun.reflect.DelegatingMethodAccessorImpl.invoke(DelegatingMethodAccessorImpl.java:43)
at java.lang.reflect.Method.invoke(Method.java:498)
at org.testng.internal.MethodInvocationHelper.invokeMethod(MethodInvocationHelper.java:133)
at org.testng.internal.TestInvoker.invokeMethod(TestInvoker.java:598)
at org.testng.internal.TestInvoker.invokeTestMethod(TestInvoker.java:173)
at org.testng.internal.MethodRunner.runInSequence(MethodRunner.java:46)
at org.testng.internal.TestInvoker$MethodInvocationAgent.invoke(TestInvoker.java:824)
at org.testng.internal.TestInvoker.invokeTestMethods(TestInvoker.java:146)
at org.testng.internal.TestMethodWorker.invokeTestMethods(TestMethodWorker.java:146)
at org.testng.internal.TestMethodWorker.run(TestMethodWorker.java:128)
at java.util.concurrent.ThreadPoolExecutor.runWorker(ThreadPoolExecutor.java:1149)
at java.util.concurrent.ThreadPoolExecutor$Worker.run(ThreadPoolExecutor.java:624)
at java.lang.Thread.run(Thread.java:748)
]]>
    </failure>
  </testcase> <!-- getUpdatedAddress -->
  <system-out/>
  <testcase name="deleteNonExistPlace" time="3.143" classname="apiTest.ValidateAddUpdateGetDeleteAPI"/>
  <system-out/>
  <testcase name="deleteplace" time="0.000" classname="apiTest.ValidateAddUpdateGetDeleteAPI">
    <skipped/>
  </testcase> <!-- deleteplace -->
  <system-out/>
</testsuite> <!-- apiTest.ValidateAddUpdateGetDeleteAPI -->
