<?xml version="1.0" encoding="UTF-8"?>
<!-- Generated by org.testng.reporters.JUnitReportReporter -->
<testsuite skipped="0" hostname="inbl01lap04326" name="apiTest.ValidateAddUpdateGetDeleteAPI" tests="5" failures="0" timestamp="2021-06-01T13:30:38 IST" time="16.482" errors="0">
  <testcase name="addPlaceUsingJsonFile" time="1.821" classname="apiTest.ValidateAddUpdateGetDeleteAPI"/>
  <system-out/>
  <testcase name="updatePlaceApi" time="3.882" classname="apiTest.ValidateAddUpdateGetDeleteAPI"/>
  <system-out/>
  <testcase name="getUpdatedAddress" time="2.481" classname="apiTest.ValidateAddUpdateGetDeleteAPI"/>
  <system-out/>
  <testcase name="deleteplace" time="4.478" classname="apiTest.ValidateAddUpdateGetDeleteAPI"/>
  <system-out/>
  <testcase name="deleteNonExistPlace" time="3.820" classname="apiTest.ValidateAddUpdateGetDeleteAPI"/>
  <system-out/>
</testsuite> <!-- apiTest.ValidateAddUpdateGetDeleteAPI -->
