<?xml version="1.0" encoding="UTF-8"?>
<!-- Generated by org.testng.reporters.JUnitReportReporter -->
<testsuite skipped="0" hostname="inbl01lap04326" name="apiTest.ValidateAddApiUsingTextFile" tests="1" failures="0" timestamp="2021-06-01T17:25:54 IST" time="3.898" errors="0">
  <testcase name="verifyAddAPIUsingTextFile" time="3.898" classname="apiTest.ValidateAddApiUsingTextFile"/>
  <system-out/>
</testsuite> <!-- apiTest.ValidateAddApiUsingTextFile -->
