<?xml version="1.0" encoding="UTF-8"?>
<!-- Generated by org.testng.reporters.JUnitReportReporter -->
<testsuite skipped="0" hostname="inbl01lap04326" name="apiTest.ValidatecomplexJson" tests="6" failures="0" timestamp="2021-06-02T16:54:39 IST" time="0.313" errors="0">
  <testcase name="getCountOfCourses" time="0.013" classname="apiTest.ValidatecomplexJson"/>
  <system-out/>
  <testcase name="getPurchaseAmount" time="0.010" classname="apiTest.ValidatecomplexJson"/>
  <system-out/>
  <testcase name="getTitleOfFirstCourse" time="0.055" classname="apiTest.ValidatecomplexJson"/>
  <system-out/>
  <testcase name="getCourseTitleAndPrice" time="0.080" classname="apiTest.ValidatecomplexJson"/>
  <system-out/>
  <testcase name="getNumOfCopiesSoldRPA" time="0.040" classname="apiTest.ValidatecomplexJson"/>
  <system-out/>
  <testcase name="sumOfAllCoursePriceWithPurchseAmount" time="0.115" classname="apiTest.ValidatecomplexJson"/>
  <system-out/>
</testsuite> <!-- apiTest.ValidatecomplexJson -->
