<?xml version="1.0" encoding="UTF-8"?>
<!-- Generated by org.testng.reporters.JUnitReportReporter -->
<testsuite skipped="0" hostname="inbl01lap04326" name="apiTest.AddplaceWithJsonfile" tests="3" failures="0" timestamp="2021-05-28T16:05:29 IST" time="9.367" errors="0">
  <testcase name="addPlaceUsingJsonFile" time="4.187" classname="apiTest.AddplaceWithJsonfile"/>
  <system-out/>
  <testcase name="updatePlaceApi" time="2.694" classname="apiTest.AddplaceWithJsonfile"/>
  <system-out/>
  <testcase name="getUpdatedAddress" time="2.486" classname="apiTest.AddplaceWithJsonfile"/>
  <system-out/>
</testsuite> <!-- apiTest.AddplaceWithJsonfile -->
