<?xml version="1.0" encoding="UTF-8"?>
<!-- Generated by org.testng.reporters.JUnitReportReporter -->
<testsuite skipped="0" hostname="inbl01lap04326" name="apiTest.ValidateAddApiUsingTextFile" tests="1" failures="0" timestamp="2021-06-01T13:30:38 IST" time="1.162" errors="0">
  <testcase name="verifyAddAPIUsingTextFile" time="1.162" classname="apiTest.ValidateAddApiUsingTextFile"/>
  <system-out/>
</testsuite> <!-- apiTest.ValidateAddApiUsingTextFile -->
