<?xml version="1.0" encoding="UTF-8"?>
<!-- Generated by org.testng.reporters.JUnitReportReporter -->
<testsuite skipped="0" hostname="inbl01lap04326" name="apiTest.ValidateAddApiUsingExcel" tests="2" failures="0" timestamp="2021-06-02T16:54:38 IST" time="2.052" errors="0">
  <testcase name="verifyAddAPIUsingExcel" time="1.105" classname="apiTest.ValidateAddApiUsingExcel"/>
  <system-out/>
  <testcase name="verifyAddAPIUsingHashMap" time="0.947" classname="apiTest.ValidateAddApiUsingExcel"/>
  <system-out/>
</testsuite> <!-- apiTest.ValidateAddApiUsingExcel -->
