<?xml version="1.0" encoding="UTF-8"?>
<!-- Generated by org.testng.reporters.JUnitReportReporter -->
<testsuite skipped="0" hostname="inbl01lap04326" name="apiTest.ValidateAddApiUsingTextFile" tests="1" failures="0" timestamp="2021-06-01T19:28:42 IST" time="0.575" errors="0">
  <testcase name="verifyAddAPIUsingTextFile" time="0.575" classname="apiTest.ValidateAddApiUsingTextFile"/>
  <system-out/>
</testsuite> <!-- apiTest.ValidateAddApiUsingTextFile -->
